normalization: CPM
bamFilesList: ['/research/groups/ma1grp/home/zyu/work_2026/RNA_seq_3_March/re_anlysis/output_result/JB251030/5_total_stat/trim_bam_files/sample1_1_reads.ref_sample_1.sorted_reads.bam']
binLength: 50
numberOfSamples: None
blackListFileName: None
skipZeroOverZero: False
bed_and_bin: False
genomeChunkSize: None
defaultFragmentLength: read length
numberOfProcessors: 1
verbose: False
region: None
bedFile: None
minMappingQuality: None
ignoreDuplicates: True
chrsToSkip: []
stepSize: 50
center_read: False
samFlag_include: None
samFlag_exclude: None
minFragmentLength: 0
maxFragmentLength: 0
zerosToNans: False
smoothLength: None
save_data: False
out_file_for_raw_data: None
maxPairedFragmentLength: 1000
normalization: CPM
bamFilesList: ['/research/groups/ma1grp/home/zyu/work_2026/RNA_seq_3_March/re_anlysis/output_result/JB251030/5_total_stat/trim_bam_files/sample1_2_reads.ref_sample_1.sorted_reads.bam']
binLength: 50
numberOfSamples: None
blackListFileName: None
skipZeroOverZero: False
bed_and_bin: False
genomeChunkSize: None
defaultFragmentLength: read length
numberOfProcessors: 1
verbose: False
region: None
bedFile: None
minMappingQuality: None
ignoreDuplicates: True
chrsToSkip: []
stepSize: 50
center_read: False
samFlag_include: None
samFlag_exclude: None
minFragmentLength: 0
maxFragmentLength: 0
zerosToNans: False
smoothLength: None
save_data: False
out_file_for_raw_data: None
maxPairedFragmentLength: 1000
normalization: CPM
bamFilesList: ['/research/groups/ma1grp/home/zyu/work_2026/RNA_seq_3_March/re_anlysis/output_result/JB251030/5_total_stat/trim_bam_files/sample1_3_reads.ref_sample_1.sorted_reads.bam']
binLength: 50
numberOfSamples: None
blackListFileName: None
skipZeroOverZero: False
bed_and_bin: False
genomeChunkSize: None
defaultFragmentLength: read length
numberOfProcessors: 1
verbose: False
region: None
bedFile: None
minMappingQuality: None
ignoreDuplicates: True
chrsToSkip: []
stepSize: 50
center_read: False
samFlag_include: None
samFlag_exclude: None
minFragmentLength: 0
maxFragmentLength: 0
zerosToNans: False
smoothLength: None
save_data: False
out_file_for_raw_data: None
maxPairedFragmentLength: 1000
normalization: CPM
bamFilesList: ['/research/groups/ma1grp/home/zyu/work_2026/RNA_seq_3_March/re_anlysis/output_result/JB251030/5_total_stat/trim_bam_files/sample2_1_reads.ref_sample_1.sorted_reads.bam']
binLength: 50
numberOfSamples: None
blackListFileName: None
skipZeroOverZero: False
bed_and_bin: False
genomeChunkSize: None
defaultFragmentLength: read length
numberOfProcessors: 1
verbose: False
region: None
bedFile: None
minMappingQuality: None
ignoreDuplicates: True
chrsToSkip: []
stepSize: 50
center_read: False
samFlag_include: None
samFlag_exclude: None
minFragmentLength: 0
maxFragmentLength: 0
zerosToNans: False
smoothLength: None
save_data: False
out_file_for_raw_data: None
maxPairedFragmentLength: 1000
normalization: CPM
bamFilesList: ['/research/groups/ma1grp/home/zyu/work_2026/RNA_seq_3_March/re_anlysis/output_result/JB251030/5_total_stat/trim_bam_files/sample2_2_reads.ref_sample_1.sorted_reads.bam']
binLength: 50
numberOfSamples: None
blackListFileName: None
skipZeroOverZero: False
bed_and_bin: False
genomeChunkSize: None
defaultFragmentLength: read length
numberOfProcessors: 1
verbose: False
region: None
bedFile: None
minMappingQuality: None
ignoreDuplicates: True
chrsToSkip: []
stepSize: 50
center_read: False
samFlag_include: None
samFlag_exclude: None
minFragmentLength: 0
maxFragmentLength: 0
zerosToNans: False
smoothLength: None
save_data: False
out_file_for_raw_data: None
maxPairedFragmentLength: 1000
normalization: CPM
bamFilesList: ['/research/groups/ma1grp/home/zyu/work_2026/RNA_seq_3_March/re_anlysis/output_result/JB251030/5_total_stat/trim_bam_files/sample2_3_reads.ref_sample_1.sorted_reads.bam']
binLength: 50
numberOfSamples: None
blackListFileName: None
skipZeroOverZero: False
bed_and_bin: False
genomeChunkSize: None
defaultFragmentLength: read length
numberOfProcessors: 1
verbose: False
region: None
bedFile: None
minMappingQuality: None
ignoreDuplicates: True
chrsToSkip: []
stepSize: 50
center_read: False
samFlag_include: None
samFlag_exclude: None
minFragmentLength: 0
maxFragmentLength: 0
zerosToNans: False
smoothLength: None
save_data: False
out_file_for_raw_data: None
maxPairedFragmentLength: 1000
normalization: CPM
bamFilesList: ['/research/groups/ma1grp/home/zyu/work_2026/RNA_seq_3_March/re_anlysis/output_result/JB251030/5_total_stat/trim_bam_files/sample3_1_reads.ref_sample_1.sorted_reads.bam']
binLength: 50
numberOfSamples: None
blackListFileName: None
skipZeroOverZero: False
bed_and_bin: False
genomeChunkSize: None
defaultFragmentLength: read length
numberOfProcessors: 1
verbose: False
region: None
bedFile: None
minMappingQuality: None
ignoreDuplicates: True
chrsToSkip: []
stepSize: 50
center_read: False
samFlag_include: None
samFlag_exclude: None
minFragmentLength: 0
maxFragmentLength: 0
zerosToNans: False
smoothLength: None
save_data: False
out_file_for_raw_data: None
maxPairedFragmentLength: 1000
normalization: CPM
bamFilesList: ['/research/groups/ma1grp/home/zyu/work_2026/RNA_seq_3_March/re_anlysis/output_result/JB251030/5_total_stat/trim_bam_files/sample3_2_reads.ref_sample_1.sorted_reads.bam']
binLength: 50
numberOfSamples: None
blackListFileName: None
skipZeroOverZero: False
bed_and_bin: False
genomeChunkSize: None
defaultFragmentLength: read length
numberOfProcessors: 1
verbose: False
region: None
bedFile: None
minMappingQuality: None
ignoreDuplicates: True
chrsToSkip: []
stepSize: 50
center_read: False
samFlag_include: None
samFlag_exclude: None
minFragmentLength: 0
maxFragmentLength: 0
zerosToNans: False
smoothLength: None
save_data: False
out_file_for_raw_data: None
maxPairedFragmentLength: 1000
normalization: CPM
bamFilesList: ['/research/groups/ma1grp/home/zyu/work_2026/RNA_seq_3_March/re_anlysis/output_result/JB251030/5_total_stat/trim_bam_files/sample3_3_reads.ref_sample_1.sorted_reads.bam']
binLength: 50
numberOfSamples: None
blackListFileName: None
skipZeroOverZero: False
bed_and_bin: False
genomeChunkSize: None
defaultFragmentLength: read length
numberOfProcessors: 1
verbose: False
region: None
bedFile: None
minMappingQuality: None
ignoreDuplicates: True
chrsToSkip: []
stepSize: 50
center_read: False
samFlag_include: None
samFlag_exclude: None
minFragmentLength: 0
maxFragmentLength: 0
zerosToNans: False
smoothLength: None
save_data: False
out_file_for_raw_data: None
maxPairedFragmentLength: 1000
WARNING:pygenometracks.tracksClass:In section 10. [x-axis], these parameters are unused:['number_of_ticks'].

WARNING:pygenometracks.tracksClass:Deprecation Warning: In section 11. [regions], labels was set to on whereas in the future only true and false value will be accepted.

WARNING:pygenometracks.tracksClass:title not set for section 11. [regions]

INFO:pygenometracks.tracksClass:initialize 1. [sample1_1]
INFO:pygenometracks.tracksClass:initialize 2. [sample1_2]
INFO:pygenometracks.tracksClass:initialize 3. [sample1_3]
INFO:pygenometracks.tracksClass:initialize 4. [sample2_1]
INFO:pygenometracks.tracksClass:initialize 5. [sample2_2]
INFO:pygenometracks.tracksClass:initialize 6. [sample2_3]
INFO:pygenometracks.tracksClass:initialize 7. [sample3_1]
INFO:pygenometracks.tracksClass:initialize 8. [sample3_2]
INFO:pygenometracks.tracksClass:initialize 9. [sample3_3]
INFO:pygenometracks.tracksClass:initialize 10. [x-axis]
INFO:pygenometracks.tracksClass:initialize 11. [regions]
0it [00:00, ?it/s]0it [00:00, ?it/s]
WARNING:pygenometracks.tracks.GenomeTrack:No valid intervals were found in file region.bed.

INFO:pygenometracks.tracksClass:time initializing track(s):
INFO:pygenometracks.tracksClass:13.09696078300476
DEBUG:pygenometracks.tracksClass:Figure size in cm is 40 x 13.297872340425533. Dpi is set to 300

INFO:pygenometracks.tracksClass:plotting 1. [sample1_1]
INFO:pygenometracks.tracksClass:plotting 2. [sample1_2]
INFO:pygenometracks.tracksClass:plotting 3. [sample1_3]
INFO:pygenometracks.tracksClass:plotting 4. [sample2_1]
INFO:pygenometracks.tracksClass:plotting 5. [sample2_2]
INFO:pygenometracks.tracksClass:plotting 6. [sample2_3]
INFO:pygenometracks.tracksClass:plotting 7. [sample3_1]
INFO:pygenometracks.tracksClass:plotting 8. [sample3_2]
INFO:pygenometracks.tracksClass:plotting 9. [sample3_3]
INFO:pygenometracks.tracksClass:plotting 10. [x-axis]
INFO:pygenometracks.tracksClass:plotting 11. [regions]
WARNING:pygenometracks.tracks.GenomeTrack:*Warning*
No interval was found when overlapping with both contig_3:-99999-221689 and chrcontig_3:-99999-221689 inside the bed file. This will generate an empty track!!

WARNING:pygenometracks.tracksClass:In section 10. [x-axis], these parameters are unused:['number_of_ticks'].

WARNING:pygenometracks.tracksClass:Deprecation Warning: In section 11. [regions], labels was set to on whereas in the future only true and false value will be accepted.

WARNING:pygenometracks.tracksClass:title not set for section 11. [regions]

INFO:pygenometracks.tracksClass:initialize 1. [sample1_1]
INFO:pygenometracks.tracksClass:initialize 2. [sample1_2]
INFO:pygenometracks.tracksClass:initialize 3. [sample1_3]
INFO:pygenometracks.tracksClass:initialize 4. [sample2_1]
INFO:pygenometracks.tracksClass:initialize 5. [sample2_2]
INFO:pygenometracks.tracksClass:initialize 6. [sample2_3]
INFO:pygenometracks.tracksClass:initialize 7. [sample3_1]
INFO:pygenometracks.tracksClass:initialize 8. [sample3_2]
INFO:pygenometracks.tracksClass:initialize 9. [sample3_3]
INFO:pygenometracks.tracksClass:initialize 10. [x-axis]
INFO:pygenometracks.tracksClass:initialize 11. [regions]
  0%|          | 0/6 [00:00<?, ?it/s]100%|██████████| 6/6 [00:00<00:00, 26132.74it/s]
INFO:pygenometracks.tracksClass:time initializing track(s):
INFO:pygenometracks.tracksClass:13.050231218338013
DEBUG:pygenometracks.tracksClass:Figure size in cm is 40 x 13.297872340425533. Dpi is set to 300

INFO:pygenometracks.tracksClass:plotting 1. [sample1_1]
INFO:pygenometracks.tracksClass:plotting 2. [sample1_2]
INFO:pygenometracks.tracksClass:plotting 3. [sample1_3]
INFO:pygenometracks.tracksClass:plotting 4. [sample2_1]
INFO:pygenometracks.tracksClass:plotting 5. [sample2_2]
INFO:pygenometracks.tracksClass:plotting 6. [sample2_3]
INFO:pygenometracks.tracksClass:plotting 7. [sample3_1]
INFO:pygenometracks.tracksClass:plotting 8. [sample3_2]
INFO:pygenometracks.tracksClass:plotting 9. [sample3_3]
INFO:pygenometracks.tracksClass:plotting 10. [x-axis]
INFO:pygenometracks.tracksClass:plotting 11. [regions]
DEBUG:pygenometracks.tracks.GenomeTrack:ylim 1.08,-0.08
DEBUG:pygenometracks.tracks.GenomeTrack:ylim (1.08, -0.08)
WARNING:pygenometracks.tracksClass:In section 10. [x-axis], these parameters are unused:['number_of_ticks'].

WARNING:pygenometracks.tracksClass:Deprecation Warning: In section 11. [regions], labels was set to on whereas in the future only true and false value will be accepted.

WARNING:pygenometracks.tracksClass:title not set for section 11. [regions]

INFO:pygenometracks.tracksClass:initialize 1. [sample1_1]
INFO:pygenometracks.tracksClass:initialize 2. [sample1_2]
INFO:pygenometracks.tracksClass:initialize 3. [sample1_3]
INFO:pygenometracks.tracksClass:initialize 4. [sample2_1]
INFO:pygenometracks.tracksClass:initialize 5. [sample2_2]
INFO:pygenometracks.tracksClass:initialize 6. [sample2_3]
INFO:pygenometracks.tracksClass:initialize 7. [sample3_1]
INFO:pygenometracks.tracksClass:initialize 8. [sample3_2]
INFO:pygenometracks.tracksClass:initialize 9. [sample3_3]
INFO:pygenometracks.tracksClass:initialize 10. [x-axis]
INFO:pygenometracks.tracksClass:initialize 11. [regions]
0it [00:00, ?it/s]0it [00:00, ?it/s]
WARNING:pygenometracks.tracks.GenomeTrack:No valid intervals were found in file region.bed.

INFO:pygenometracks.tracksClass:time initializing track(s):
INFO:pygenometracks.tracksClass:5.040295839309692
DEBUG:pygenometracks.tracksClass:Figure size in cm is 40 x 13.297872340425533. Dpi is set to 300

INFO:pygenometracks.tracksClass:plotting 1. [sample1_1]
INFO:pygenometracks.tracksClass:plotting 2. [sample1_2]
INFO:pygenometracks.tracksClass:plotting 3. [sample1_3]
INFO:pygenometracks.tracksClass:plotting 4. [sample2_1]
INFO:pygenometracks.tracksClass:plotting 5. [sample2_2]
INFO:pygenometracks.tracksClass:plotting 6. [sample2_3]
INFO:pygenometracks.tracksClass:plotting 7. [sample3_1]
INFO:pygenometracks.tracksClass:plotting 8. [sample3_2]
INFO:pygenometracks.tracksClass:plotting 9. [sample3_3]
INFO:pygenometracks.tracksClass:plotting 10. [x-axis]
INFO:pygenometracks.tracksClass:plotting 11. [regions]
WARNING:pygenometracks.tracks.GenomeTrack:*Warning*
No interval was found when overlapping with both contig_2:-99999-228830 and chrcontig_2:-99999-228830 inside the bed file. This will generate an empty track!!

WARNING:pygenometracks.tracksClass:In section 10. [x-axis], these parameters are unused:['number_of_ticks'].

WARNING:pygenometracks.tracksClass:Deprecation Warning: In section 11. [regions], labels was set to on whereas in the future only true and false value will be accepted.

WARNING:pygenometracks.tracksClass:title not set for section 11. [regions]

INFO:pygenometracks.tracksClass:initialize 1. [sample1_1]
INFO:pygenometracks.tracksClass:initialize 2. [sample1_2]
INFO:pygenometracks.tracksClass:initialize 3. [sample1_3]
INFO:pygenometracks.tracksClass:initialize 4. [sample2_1]
INFO:pygenometracks.tracksClass:initialize 5. [sample2_2]
INFO:pygenometracks.tracksClass:initialize 6. [sample2_3]
INFO:pygenometracks.tracksClass:initialize 7. [sample3_1]
INFO:pygenometracks.tracksClass:initialize 8. [sample3_2]
INFO:pygenometracks.tracksClass:initialize 9. [sample3_3]
INFO:pygenometracks.tracksClass:initialize 10. [x-axis]
INFO:pygenometracks.tracksClass:initialize 11. [regions]
  0%|          | 0/1 [00:00<?, ?it/s]100%|██████████| 1/1 [00:00<00:00, 6636.56it/s]
INFO:pygenometracks.tracksClass:time initializing track(s):
INFO:pygenometracks.tracksClass:0.03470325469970703
DEBUG:pygenometracks.tracksClass:Figure size in cm is 40 x 13.297872340425533. Dpi is set to 300

INFO:pygenometracks.tracksClass:plotting 1. [sample1_1]
INFO:pygenometracks.tracksClass:plotting 2. [sample1_2]
INFO:pygenometracks.tracksClass:plotting 3. [sample1_3]
INFO:pygenometracks.tracksClass:plotting 4. [sample2_1]
INFO:pygenometracks.tracksClass:plotting 5. [sample2_2]
INFO:pygenometracks.tracksClass:plotting 6. [sample2_3]
INFO:pygenometracks.tracksClass:plotting 7. [sample3_1]
INFO:pygenometracks.tracksClass:plotting 8. [sample3_2]
INFO:pygenometracks.tracksClass:plotting 9. [sample3_3]
INFO:pygenometracks.tracksClass:plotting 10. [x-axis]
INFO:pygenometracks.tracksClass:plotting 11. [regions]
DEBUG:pygenometracks.tracks.GenomeTrack:ylim 1.08,-0.08
DEBUG:pygenometracks.tracks.GenomeTrack:ylim (1.08, -0.08)
WARNING:pygenometracks.tracksClass:In section 10. [x-axis], these parameters are unused:['number_of_ticks'].

WARNING:pygenometracks.tracksClass:Deprecation Warning: In section 11. [regions], labels was set to on whereas in the future only true and false value will be accepted.

WARNING:pygenometracks.tracksClass:title not set for section 11. [regions]

INFO:pygenometracks.tracksClass:initialize 1. [sample1_1]
INFO:pygenometracks.tracksClass:initialize 2. [sample1_2]
INFO:pygenometracks.tracksClass:initialize 3. [sample1_3]
INFO:pygenometracks.tracksClass:initialize 4. [sample2_1]
INFO:pygenometracks.tracksClass:initialize 5. [sample2_2]
INFO:pygenometracks.tracksClass:initialize 6. [sample2_3]
INFO:pygenometracks.tracksClass:initialize 7. [sample3_1]
INFO:pygenometracks.tracksClass:initialize 8. [sample3_2]
INFO:pygenometracks.tracksClass:initialize 9. [sample3_3]
INFO:pygenometracks.tracksClass:initialize 10. [x-axis]
INFO:pygenometracks.tracksClass:initialize 11. [regions]
  0%|          | 0/2 [00:00<?, ?it/s]100%|██████████| 2/2 [00:00<00:00, 11491.24it/s]
INFO:pygenometracks.tracksClass:time initializing track(s):
INFO:pygenometracks.tracksClass:0.019561290740966797
DEBUG:pygenometracks.tracksClass:Figure size in cm is 40 x 13.297872340425533. Dpi is set to 300

INFO:pygenometracks.tracksClass:plotting 1. [sample1_1]
INFO:pygenometracks.tracksClass:plotting 2. [sample1_2]
INFO:pygenometracks.tracksClass:plotting 3. [sample1_3]
INFO:pygenometracks.tracksClass:plotting 4. [sample2_1]
INFO:pygenometracks.tracksClass:plotting 5. [sample2_2]
INFO:pygenometracks.tracksClass:plotting 6. [sample2_3]
INFO:pygenometracks.tracksClass:plotting 7. [sample3_1]
INFO:pygenometracks.tracksClass:plotting 8. [sample3_2]
INFO:pygenometracks.tracksClass:plotting 9. [sample3_3]
INFO:pygenometracks.tracksClass:plotting 10. [x-axis]
INFO:pygenometracks.tracksClass:plotting 11. [regions]
DEBUG:pygenometracks.tracks.GenomeTrack:ylim 1.08,-0.08
DEBUG:pygenometracks.tracks.GenomeTrack:ylim (1.08, -0.08)
WARNING:pygenometracks.tracksClass:In section 10. [x-axis], these parameters are unused:['number_of_ticks'].

WARNING:pygenometracks.tracksClass:Deprecation Warning: In section 11. [regions], labels was set to on whereas in the future only true and false value will be accepted.

WARNING:pygenometracks.tracksClass:title not set for section 11. [regions]

INFO:pygenometracks.tracksClass:initialize 1. [sample1_1]
INFO:pygenometracks.tracksClass:initialize 2. [sample1_2]
INFO:pygenometracks.tracksClass:initialize 3. [sample1_3]
INFO:pygenometracks.tracksClass:initialize 4. [sample2_1]
INFO:pygenometracks.tracksClass:initialize 5. [sample2_2]
INFO:pygenometracks.tracksClass:initialize 6. [sample2_3]
INFO:pygenometracks.tracksClass:initialize 7. [sample3_1]
INFO:pygenometracks.tracksClass:initialize 8. [sample3_2]
INFO:pygenometracks.tracksClass:initialize 9. [sample3_3]
INFO:pygenometracks.tracksClass:initialize 10. [x-axis]
INFO:pygenometracks.tracksClass:initialize 11. [regions]
  0%|          | 0/2 [00:00<?, ?it/s]100%|██████████| 2/2 [00:00<00:00, 11618.57it/s]
INFO:pygenometracks.tracksClass:time initializing track(s):
INFO:pygenometracks.tracksClass:0.019998788833618164
DEBUG:pygenometracks.tracksClass:Figure size in cm is 40 x 13.297872340425533. Dpi is set to 300

INFO:pygenometracks.tracksClass:plotting 1. [sample1_1]
INFO:pygenometracks.tracksClass:plotting 2. [sample1_2]
INFO:pygenometracks.tracksClass:plotting 3. [sample1_3]
INFO:pygenometracks.tracksClass:plotting 4. [sample2_1]
INFO:pygenometracks.tracksClass:plotting 5. [sample2_2]
INFO:pygenometracks.tracksClass:plotting 6. [sample2_3]
INFO:pygenometracks.tracksClass:plotting 7. [sample3_1]
INFO:pygenometracks.tracksClass:plotting 8. [sample3_2]
INFO:pygenometracks.tracksClass:plotting 9. [sample3_3]
INFO:pygenometracks.tracksClass:plotting 10. [x-axis]
INFO:pygenometracks.tracksClass:plotting 11. [regions]
DEBUG:pygenometracks.tracks.GenomeTrack:ylim 1.08,-0.08
DEBUG:pygenometracks.tracks.GenomeTrack:ylim (1.08, -0.08)
WARNING:pygenometracks.tracksClass:In section 10. [x-axis], these parameters are unused:['number_of_ticks'].

WARNING:pygenometracks.tracksClass:Deprecation Warning: In section 11. [regions], labels was set to on whereas in the future only true and false value will be accepted.

WARNING:pygenometracks.tracksClass:title not set for section 11. [regions]

INFO:pygenometracks.tracksClass:initialize 1. [sample1_1]
INFO:pygenometracks.tracksClass:initialize 2. [sample1_2]
INFO:pygenometracks.tracksClass:initialize 3. [sample1_3]
INFO:pygenometracks.tracksClass:initialize 4. [sample2_1]
INFO:pygenometracks.tracksClass:initialize 5. [sample2_2]
INFO:pygenometracks.tracksClass:initialize 6. [sample2_3]
INFO:pygenometracks.tracksClass:initialize 7. [sample3_1]
INFO:pygenometracks.tracksClass:initialize 8. [sample3_2]
INFO:pygenometracks.tracksClass:initialize 9. [sample3_3]
INFO:pygenometracks.tracksClass:initialize 10. [x-axis]
INFO:pygenometracks.tracksClass:initialize 11. [regions]
  0%|          | 0/1 [00:00<?, ?it/s]100%|██████████| 1/1 [00:00<00:00, 6345.39it/s]
INFO:pygenometracks.tracksClass:time initializing track(s):
INFO:pygenometracks.tracksClass:0.02022075653076172
DEBUG:pygenometracks.tracksClass:Figure size in cm is 40 x 13.297872340425533. Dpi is set to 300

INFO:pygenometracks.tracksClass:plotting 1. [sample1_1]
INFO:pygenometracks.tracksClass:plotting 2. [sample1_2]
INFO:pygenometracks.tracksClass:plotting 3. [sample1_3]
INFO:pygenometracks.tracksClass:plotting 4. [sample2_1]
INFO:pygenometracks.tracksClass:plotting 5. [sample2_2]
INFO:pygenometracks.tracksClass:plotting 6. [sample2_3]
INFO:pygenometracks.tracksClass:plotting 7. [sample3_1]
INFO:pygenometracks.tracksClass:plotting 8. [sample3_2]
INFO:pygenometracks.tracksClass:plotting 9. [sample3_3]
INFO:pygenometracks.tracksClass:plotting 10. [x-axis]
INFO:pygenometracks.tracksClass:plotting 11. [regions]
DEBUG:pygenometracks.tracks.GenomeTrack:ylim 1.08,-0.08
DEBUG:pygenometracks.tracks.GenomeTrack:ylim (1.08, -0.08)
WARNING:pygenometracks.tracksClass:In section 10. [x-axis], these parameters are unused:['number_of_ticks'].

WARNING:pygenometracks.tracksClass:Deprecation Warning: In section 11. [regions], labels was set to on whereas in the future only true and false value will be accepted.

WARNING:pygenometracks.tracksClass:title not set for section 11. [regions]

INFO:pygenometracks.tracksClass:initialize 1. [sample1_1]
INFO:pygenometracks.tracksClass:initialize 2. [sample1_2]
INFO:pygenometracks.tracksClass:initialize 3. [sample1_3]
INFO:pygenometracks.tracksClass:initialize 4. [sample2_1]
INFO:pygenometracks.tracksClass:initialize 5. [sample2_2]
INFO:pygenometracks.tracksClass:initialize 6. [sample2_3]
INFO:pygenometracks.tracksClass:initialize 7. [sample3_1]
INFO:pygenometracks.tracksClass:initialize 8. [sample3_2]
INFO:pygenometracks.tracksClass:initialize 9. [sample3_3]
INFO:pygenometracks.tracksClass:initialize 10. [x-axis]
INFO:pygenometracks.tracksClass:initialize 11. [regions]
  0%|          | 0/1 [00:00<?, ?it/s]100%|██████████| 1/1 [00:00<00:00, 6523.02it/s]
INFO:pygenometracks.tracksClass:time initializing track(s):
INFO:pygenometracks.tracksClass:0.019445180892944336
DEBUG:pygenometracks.tracksClass:Figure size in cm is 40 x 13.297872340425533. Dpi is set to 300

INFO:pygenometracks.tracksClass:plotting 1. [sample1_1]
INFO:pygenometracks.tracksClass:plotting 2. [sample1_2]
INFO:pygenometracks.tracksClass:plotting 3. [sample1_3]
INFO:pygenometracks.tracksClass:plotting 4. [sample2_1]
INFO:pygenometracks.tracksClass:plotting 5. [sample2_2]
INFO:pygenometracks.tracksClass:plotting 6. [sample2_3]
INFO:pygenometracks.tracksClass:plotting 7. [sample3_1]
INFO:pygenometracks.tracksClass:plotting 8. [sample3_2]
INFO:pygenometracks.tracksClass:plotting 9. [sample3_3]
INFO:pygenometracks.tracksClass:plotting 10. [x-axis]
INFO:pygenometracks.tracksClass:plotting 11. [regions]
DEBUG:pygenometracks.tracks.GenomeTrack:ylim 1.08,-0.08
DEBUG:pygenometracks.tracks.GenomeTrack:ylim (1.08, -0.08)
WARNING:pygenometracks.tracksClass:In section 10. [x-axis], these parameters are unused:['number_of_ticks'].

WARNING:pygenometracks.tracksClass:Deprecation Warning: In section 11. [regions], labels was set to on whereas in the future only true and false value will be accepted.

WARNING:pygenometracks.tracksClass:title not set for section 11. [regions]

INFO:pygenometracks.tracksClass:initialize 1. [sample1_1]
INFO:pygenometracks.tracksClass:initialize 2. [sample1_2]
INFO:pygenometracks.tracksClass:initialize 3. [sample1_3]
INFO:pygenometracks.tracksClass:initialize 4. [sample2_1]
INFO:pygenometracks.tracksClass:initialize 5. [sample2_2]
INFO:pygenometracks.tracksClass:initialize 6. [sample2_3]
INFO:pygenometracks.tracksClass:initialize 7. [sample3_1]
INFO:pygenometracks.tracksClass:initialize 8. [sample3_2]
INFO:pygenometracks.tracksClass:initialize 9. [sample3_3]
INFO:pygenometracks.tracksClass:initialize 10. [x-axis]
INFO:pygenometracks.tracksClass:initialize 11. [regions]
  0%|          | 0/1 [00:00<?, ?it/s]100%|██████████| 1/1 [00:00<00:00, 6700.17it/s]
INFO:pygenometracks.tracksClass:time initializing track(s):
INFO:pygenometracks.tracksClass:0.019611120223999023
DEBUG:pygenometracks.tracksClass:Figure size in cm is 40 x 13.297872340425533. Dpi is set to 300

INFO:pygenometracks.tracksClass:plotting 1. [sample1_1]
INFO:pygenometracks.tracksClass:plotting 2. [sample1_2]
INFO:pygenometracks.tracksClass:plotting 3. [sample1_3]
INFO:pygenometracks.tracksClass:plotting 4. [sample2_1]
INFO:pygenometracks.tracksClass:plotting 5. [sample2_2]
INFO:pygenometracks.tracksClass:plotting 6. [sample2_3]
INFO:pygenometracks.tracksClass:plotting 7. [sample3_1]
INFO:pygenometracks.tracksClass:plotting 8. [sample3_2]
INFO:pygenometracks.tracksClass:plotting 9. [sample3_3]
INFO:pygenometracks.tracksClass:plotting 10. [x-axis]
INFO:pygenometracks.tracksClass:plotting 11. [regions]
DEBUG:pygenometracks.tracks.GenomeTrack:ylim 1.08,-0.08
DEBUG:pygenometracks.tracks.GenomeTrack:ylim (1.08, -0.08)
