>>>The input bamfile: /research/groups/ma1grp/home/zyu/work_2026/RNA_seq_3_March/re_anlysis/output_result/JB251030/5_total_stat/trim_bam_files/sample1_1_reads.ref_sample_1.sorted_reads.bam <<<.
>>>The sample name: sample1_1 <<<
>>>The input bamfile: /research/groups/ma1grp/home/zyu/work_2026/RNA_seq_3_March/re_anlysis/output_result/JB251030/5_total_stat/trim_bam_files/sample1_2_reads.ref_sample_1.sorted_reads.bam <<<.
>>>The sample name: sample1_2 <<<
>>>The input bamfile: /research/groups/ma1grp/home/zyu/work_2026/RNA_seq_3_March/re_anlysis/output_result/JB251030/5_total_stat/trim_bam_files/sample1_3_reads.ref_sample_1.sorted_reads.bam <<<.
>>>The sample name: sample1_3 <<<
>>>The input bamfile: /research/groups/ma1grp/home/zyu/work_2026/RNA_seq_3_March/re_anlysis/output_result/JB251030/5_total_stat/trim_bam_files/sample2_1_reads.ref_sample_1.sorted_reads.bam <<<.
>>>The sample name: sample2_1 <<<
>>>The input bamfile: /research/groups/ma1grp/home/zyu/work_2026/RNA_seq_3_March/re_anlysis/output_result/JB251030/5_total_stat/trim_bam_files/sample2_2_reads.ref_sample_1.sorted_reads.bam <<<.
>>>The sample name: sample2_2 <<<
>>>The input bamfile: /research/groups/ma1grp/home/zyu/work_2026/RNA_seq_3_March/re_anlysis/output_result/JB251030/5_total_stat/trim_bam_files/sample2_3_reads.ref_sample_1.sorted_reads.bam <<<.
>>>The sample name: sample2_3 <<<
>>>The input bamfile: /research/groups/ma1grp/home/zyu/work_2026/RNA_seq_3_March/re_anlysis/output_result/JB251030/5_total_stat/trim_bam_files/sample3_1_reads.ref_sample_1.sorted_reads.bam <<<.
>>>The sample name: sample3_1 <<<
>>>The input bamfile: /research/groups/ma1grp/home/zyu/work_2026/RNA_seq_3_March/re_anlysis/output_result/JB251030/5_total_stat/trim_bam_files/sample3_2_reads.ref_sample_1.sorted_reads.bam <<<.
>>>The sample name: sample3_2 <<<
>>>The input bamfile: /research/groups/ma1grp/home/zyu/work_2026/RNA_seq_3_March/re_anlysis/output_result/JB251030/5_total_stat/trim_bam_files/sample3_3_reads.ref_sample_1.sorted_reads.bam <<<.
>>>The sample name: sample3_3 <<<

------------------------------------------------------------
Sender: LSF System <lsfadmin@noderome193>
Subject: Job 284235618: <./log/coverage> in cluster <hpcf_research_cluster> Done

Job <./log/coverage> was submitted from host <noderome106> by user <zyu> in cluster <hpcf_research_cluster> at Wed Mar 25 10:59:05 2026
Job was executed on host(s) <2*noderome193>, in queue <standard>, as user <zyu> in cluster <hpcf_research_cluster> at Wed Mar 25 10:59:15 2026
</home/zyu> was used as the home directory.
</research/groups/ma1grp/home/zyu/work_2026/RNA_seq_3_March/Bulk_RNA_interactive_with_SV> was used as the working directory.
Started at Wed Mar 25 10:59:15 2026
Terminated at Wed Mar 25 11:17:01 2026
Results reported at Wed Mar 25 11:17:01 2026

Your job looked like:

------------------------------------------------------------
# LSBATCH: User input
sh /research/groups/ma1grp/home/zyu/work_2026/RNA_seq_3_March/Bulk_RNA_interactive_with_SV/script/coverage_plot_main.sh -m /research/groups/ma1grp/home/zyu/work_2026/RNA_seq_3_March/Bulk_RNA_interactive_with_SV/table/coverage_track_plot/coverage_metadata.csv -r /research/groups/ma1grp/home/zyu/work_2026/RNA_seq_3_March/Bulk_RNA_interactive_with_SV/table/coverage_track_plot/mark_region.csv

------------------------------------------------------------

Successfully completed.

Resource usage summary:

    CPU time :                                   158.86 sec.
    Max Memory :                                 133 MB
    Average Memory :                             57.98 MB
    Total Requested Memory :                     16384.00 MB
    Delta Memory :                               16251.00 MB
    Max Swap :                                   -
    Max Processes :                              6
    Max Threads :                                26
    Run time :                                   1066 sec.
    Turnaround time :                            1076 sec.

The output (if any) is above this job summary.



PS:

Read file <./log/coverage.err> for stderr output of this job.

